2023-01-25 15:49:36.466 [error] [Extension Host] (node:2732) [DEP0005] DeprecationWarning: Buffer() is deprecated due to security and usability issues. Please use the Buffer.alloc(), Buffer.allocUnsafe(), or Buffer.from() methods instead.
(Use `Code --trace-deprecation ...` to show where the warning was created)
2023-01-25 15:49:39.882 [info] [perf] Render performance baseline is 28ms
2023-01-25 16:58:16.249 [error] Cannot read properties of undefined (reading 'auto'): TypeError: Cannot read properties of undefined (reading 'auto')
    at la.E (vscode-file://vscode-app/c:/Users/White%20Nova/AppData/Local/Programs/Microsoft%20VS%20Code/resources/app/out/vs/workbench/workbench.desktop.main.js:769:14921)
    at la.A (vscode-file://vscode-app/c:/Users/White%20Nova/AppData/Local/Programs/Microsoft%20VS%20Code/resources/app/out/vs/workbench/workbench.desktop.main.js:769:11266)
    at vscode-file://vscode-app/c:/Users/White%20Nova/AppData/Local/Programs/Microsoft%20VS%20Code/resources/app/out/vs/workbench/workbench.desktop.main.js:769:8582
    at u.invoke (vscode-file://vscode-app/c:/Users/White%20Nova/AppData/Local/Programs/Microsoft%20VS%20Code/resources/app/out/vs/workbench/workbench.desktop.main.js:85:145)
    at f.deliver (vscode-file://vscode-app/c:/Users/White%20Nova/AppData/Local/Programs/Microsoft%20VS%20Code/resources/app/out/vs/workbench/workbench.desktop.main.js:85:2029)
    at d.fire (vscode-file://vscode-app/c:/Users/White%20Nova/AppData/Local/Programs/Microsoft%20VS%20Code/resources/app/out/vs/workbench/workbench.desktop.main.js:85:1667)
    at vscode-file://vscode-app/c:/Users/White%20Nova/AppData/Local/Programs/Microsoft%20VS%20Code/resources/app/out/vs/workbench/workbench.desktop.main.js:731:15329
    at u.invoke (vscode-file://vscode-app/c:/Users/White%20Nova/AppData/Local/Programs/Microsoft%20VS%20Code/resources/app/out/vs/workbench/workbench.desktop.main.js:85:145)
    at s.deliver (vscode-file://vscode-app/c:/Users/White%20Nova/AppData/Local/Programs/Microsoft%20VS%20Code/resources/app/out/vs/workbench/workbench.desktop.main.js:85:2029)
    at d.fire (vscode-file://vscode-app/c:/Users/White%20Nova/AppData/Local/Programs/Microsoft%20VS%20Code/resources/app/out/vs/workbench/workbench.desktop.main.js:85:1667)
    at L.n (vscode-file://vscode-app/c:/Users/White%20Nova/AppData/Local/Programs/Microsoft%20VS%20Code/resources/app/out/vs/workbench/workbench.desktop.main.js:590:54342)
    at L.endEmitViewEvents (vscode-file://vscode-app/c:/Users/White%20Nova/AppData/Local/Programs/Microsoft%20VS%20Code/resources/app/out/vs/workbench/workbench.desktop.main.js:590:54843)
    at v.M (vscode-file://vscode-app/c:/Users/White%20Nova/AppData/Local/Programs/Microsoft%20VS%20Code/resources/app/out/vs/workbench/workbench.desktop.main.js:729:4221)
    at v.L (vscode-file://vscode-app/c:/Users/White%20Nova/AppData/Local/Programs/Microsoft%20VS%20Code/resources/app/out/vs/workbench/workbench.desktop.main.js:729:2888)
    at v.paste (vscode-file://vscode-app/c:/Users/White%20Nova/AppData/Local/Programs/Microsoft%20VS%20Code/resources/app/out/vs/workbench/workbench.desktop.main.js:729:3200)
    at rn.Nb (vscode-file://vscode-app/c:/Users/White%20Nova/AppData/Local/Programs/Microsoft%20VS%20Code/resources/app/out/vs/workbench/workbench.desktop.main.js:731:8066)
    at rn.trigger (vscode-file://vscode-app/c:/Users/White%20Nova/AppData/Local/Programs/Microsoft%20VS%20Code/resources/app/out/vs/workbench/workbench.desktop.main.js:731:7306)
    at k.runCommand (vscode-file://vscode-app/c:/Users/White%20Nova/AppData/Local/Programs/Microsoft%20VS%20Code/resources/app/out/vs/workbench/workbench.desktop.main.js:676:167169)
    at handler (vscode-file://vscode-app/c:/Users/White%20Nova/AppData/Local/Programs/Microsoft%20VS%20Code/resources/app/out/vs/workbench/workbench.desktop.main.js:676:130522)
    at l.invokeFunction (vscode-file://vscode-app/c:/Users/White%20Nova/AppData/Local/Programs/Microsoft%20VS%20Code/resources/app/out/vs/workbench/workbench.desktop.main.js:611:360)
    at b.k (vscode-file://vscode-app/c:/Users/White%20Nova/AppData/Local/Programs/Microsoft%20VS%20Code/resources/app/out/vs/workbench/workbench.desktop.main.js:1668:3161)
    at b.executeCommand (vscode-file://vscode-app/c:/Users/White%20Nova/AppData/Local/Programs/Microsoft%20VS%20Code/resources/app/out/vs/workbench/workbench.desktop.main.js:1668:2723)
    at Object.paste (vscode-file://vscode-app/c:/Users/White%20Nova/AppData/Local/Programs/Microsoft%20VS%20Code/resources/app/out/vs/workbench/workbench.desktop.main.js:731:16225)
    at R.paste (vscode-file://vscode-app/c:/Users/White%20Nova/AppData/Local/Programs/Microsoft%20VS%20Code/resources/app/out/vs/workbench/workbench.desktop.main.js:676:168079)
    at vscode-file://vscode-app/c:/Users/White%20Nova/AppData/Local/Programs/Microsoft%20VS%20Code/resources/app/out/vs/workbench/workbench.desktop.main.js:601:73825
    at u.invoke (vscode-file://vscode-app/c:/Users/White%20Nova/AppData/Local/Programs/Microsoft%20VS%20Code/resources/app/out/vs/workbench/workbench.desktop.main.js:85:145)
    at s.deliver (vscode-file://vscode-app/c:/Users/White%20Nova/AppData/Local/Programs/Microsoft%20VS%20Code/resources/app/out/vs/workbench/workbench.desktop.main.js:85:2029)
    at d.fire (vscode-file://vscode-app/c:/Users/White%20Nova/AppData/Local/Programs/Microsoft%20VS%20Code/resources/app/out/vs/workbench/workbench.desktop.main.js:85:1667)
    at vscode-file://vscode-app/c:/Users/White%20Nova/AppData/Local/Programs/Microsoft%20VS%20Code/resources/app/out/vs/workbench/workbench.desktop.main.js:551:7837
    at u.invoke (vscode-file://vscode-app/c:/Users/White%20Nova/AppData/Local/Programs/Microsoft%20VS%20Code/resources/app/out/vs/workbench/workbench.desktop.main.js:85:145)
    at s.deliver (vscode-file://vscode-app/c:/Users/White%20Nova/AppData/Local/Programs/Microsoft%20VS%20Code/resources/app/out/vs/workbench/workbench.desktop.main.js:85:2029)
    at d.fire (vscode-file://vscode-app/c:/Users/White%20Nova/AppData/Local/Programs/Microsoft%20VS%20Code/resources/app/out/vs/workbench/workbench.desktop.main.js:85:1667)
    at HTMLTextAreaElement.y (vscode-file://vscode-app/c:/Users/White%20Nova/AppData/Local/Programs/Microsoft%20VS%20Code/resources/app/out/vs/workbench/workbench.desktop.main.js:85:8842)
    at Object.implementation (vscode-file://vscode-app/c:/Users/White%20Nova/AppData/Local/Programs/Microsoft%20VS%20Code/resources/app/out/vs/workbench/workbench.desktop.main.js:676:188057)
    at h.runCommand (vscode-file://vscode-app/c:/Users/White%20Nova/AppData/Local/Programs/Microsoft%20VS%20Code/resources/app/out/vs/workbench/workbench.desktop.main.js:676:131185)
    at handler (vscode-file://vscode-app/c:/Users/White%20Nova/AppData/Local/Programs/Microsoft%20VS%20Code/resources/app/out/vs/workbench/workbench.desktop.main.js:676:130522)
    at l.invokeFunction (vscode-file://vscode-app/c:/Users/White%20Nova/AppData/Local/Programs/Microsoft%20VS%20Code/resources/app/out/vs/workbench/workbench.desktop.main.js:611:360)
    at b.k (vscode-file://vscode-app/c:/Users/White%20Nova/AppData/Local/Programs/Microsoft%20VS%20Code/resources/app/out/vs/workbench/workbench.desktop.main.js:1668:3161)
    at b.executeCommand (vscode-file://vscode-app/c:/Users/White%20Nova/AppData/Local/Programs/Microsoft%20VS%20Code/resources/app/out/vs/workbench/workbench.desktop.main.js:1668:2723)
    at Rs.G (vscode-file://vscode-app/c:/Users/White%20Nova/AppData/Local/Programs/Microsoft%20VS%20Code/resources/app/out/vs/workbench/workbench.desktop.main.js:615:6023)
    at Rs.D (vscode-file://vscode-app/c:/Users/White%20Nova/AppData/Local/Programs/Microsoft%20VS%20Code/resources/app/out/vs/workbench/workbench.desktop.main.js:615:4324)
    at vscode-file://vscode-app/c:/Users/White%20Nova/AppData/Local/Programs/Microsoft%20VS%20Code/resources/app/out/vs/workbench/workbench.desktop.main.js:2434:42216
